Removed Pin From Net: NetName=GND Pin=C1-1
Removed Pin From Net: NetName=NetC1_2 Pin=C1-2
Removed Pin From Net: NetName=GND Pin=U2-2
Removed Pin From Net: NetName=NetU2_5 Pin=U2-5
Removed Pin From Net: NetName=NetU2_5 Pin=U2-6
Removed Pin From Net: NetName=NetC1_2 Pin=U2-7
Removed Pin From Net: NetName=NetC1_2 Pin=U2-8
Removed Pin From Net: NetName=NetQ1_2 Pin=U2-19
Removed Pin From Net: NetName=NetU2_20 Pin=U2-20
Removed Pin From Net: NetName=NetU2_21 Pin=U2-21
Removed Pin From Net: NetName=NetQ1_1 Pin=U2-23
Removed Pin From Net: NetName=GND Pin=U2-25
Removed Member From Class: ClassName=Debugger-reset Member=C1
Removed Member From Class: ClassName=Debugger-reset Member=U2
Added Component: Designator=C1(CAP_0805)
Add component (AddParameter): Name = "Alternate Part Number-1"; Value = "NA"; VariantName = "[No Variations]"
Add component (AddParameter): Name = "Case/Package"; Value = "0805"; VariantName = "[No Variations]"
Add component (AddParameter): Name = "Manufacturer"; Value = "Samsung"; VariantName = "[No Variations]"
Add component (AddParameter): Name = "Manufacturer Part Number"; Value = "CL21B104KBCNNNC"; VariantName = "[No Variations]"
Add component (AddParameter): Name = "Supplier Part Number-1"; Value = "0805B104K500CT"; VariantName = "[No Variations]"
Add component (AddParameter): Name = "Supplier-1"; Value = "SIRICOM"; VariantName = "[No Variations]"
Added Component: Designator=U2(CP2104-F03-GM)
Added Pin To Net: NetName=GND Pin=C1-1
Added Pin To Net: NetName=NetC1_2 Pin=C1-2
Added Pin To Net: NetName=GND Pin=U2-2
Added Pin To Net: NetName=NetU2_5 Pin=U2-5
Added Pin To Net: NetName=NetU2_5 Pin=U2-6
Added Pin To Net: NetName=NetC1_2 Pin=U2-7
Added Pin To Net: NetName=NetC1_2 Pin=U2-8
Added Pin To Net: NetName=NetQ1_2 Pin=U2-19
Added Pin To Net: NetName=NetU2_20 Pin=U2-20
Added Pin To Net: NetName=NetU2_21 Pin=U2-21
Added Pin To Net: NetName=NetQ1_1 Pin=U2-23
Added Pin To Net: NetName=GND Pin=U2-25
Added Pin To Net: NetName=D_N Pin=J1-A7
Added Pin To Net: NetName=D_N Pin=J1-B7
Added Pin To Net: NetName=D_N Pin=U2-4
Added Net: Name=D_N
Added Pin To Net: NetName=D_P Pin=J1-A6
Added Pin To Net: NetName=D_P Pin=J1-B6
Added Pin To Net: NetName=D_P Pin=U2-3
Added Net: Name=D_P
Added Differential Pair: Name=D
Added Member To Class: ClassName=POWER-REG Member=Component C1 0.1uF
Added Member To Class: ClassName=POWER-REG Member=Component U2 IC_CP2104-F03-GM
Added Room: Name=Debugger-reset
Added Room: Name=ESP32-PICO-D4-MCU
Added Room: Name=POWER-REG
Added Class: Name=diff90
