Removed Pin From Net: NetName=NetC1_2 Pin=J1-1
Removed Pin From Net: NetName=GND Pin=J1-5
Removed Pin From Net: NetName=GND Pin=J1-6
Removed Pin From Net: NetName=GND Pin=J1-7
Removed Pin From Net: NetName=GND Pin=J1-8
Removed Pin From Net: NetName=GND Pin=J1-9
Removed Member From Class: ClassName=ESP32-PICO-D4-MCU Member=S1
Change Component Footprint: Designator=J1 Old Footprint=CON_10118192-0001LF_SMD New Footprint=CON_USB_C_USB2.0_USB4105-GF-A
Change Component Comment : Designator=J1 Old Comment=USB MICRO-B New Comment=CON_USB_C_USB2.0_USB4105-GF-A
Change component parameters: Designator = "J1" ("J1"); Footprint = "CON_10118192-0001LF_SMD"; UniqueID = "\WRQSJTJB" ("\WRQSJTJB")
Added Component: Designator=R4(RES_0805)
Add component (AddParameter): Name = "Alternate Part Number-1"; Value = "NA"; VariantName = "[No Variations]"
Add component (AddParameter): Name = "Case/Package"; Value = "0805"; VariantName = "[No Variations]"
Add component (AddParameter): Name = "Manufacturer"; Value = "Stackpole Electronics"; VariantName = "[No Variations]"
Add component (AddParameter): Name = "Manufacturer Part Number"; Value = "RC0805FR-075K9L"; VariantName = "[No Variations]"
Add component (AddParameter): Name = "Supplier Part Number-1"; Value = "WR08X5901FTL"; VariantName = "[No Variations]"
Add component (AddParameter): Name = "Supplier-1"; Value = "SIRICOM"; VariantName = "[No Variations]"
Added Component: Designator=R5(RES_0805)
Add component (AddParameter): Name = "Alternate Part Number-1"; Value = "NA"; VariantName = "[No Variations]"
Add component (AddParameter): Name = "Case/Package"; Value = "0805"; VariantName = "[No Variations]"
Add component (AddParameter): Name = "Manufacturer"; Value = "Stackpole Electronics"; VariantName = "[No Variations]"
Add component (AddParameter): Name = "Manufacturer Part Number"; Value = "RC0805FR-075K9L"; VariantName = "[No Variations]"
Add component (AddParameter): Name = "Supplier Part Number-1"; Value = "WR08X5901FTL"; VariantName = "[No Variations]"
Add component (AddParameter): Name = "Supplier-1"; Value = "SIRICOM"; VariantName = "[No Variations]"
Added Pin To Net: NetName=GND Pin=J1-A1_B12
Added Pin To Net: NetName=NetC1_2 Pin=J1-A4_B9
Added Pin To Net: NetName=GND Pin=J1-B1_A12
Added Pin To Net: NetName=NetC1_2 Pin=J1-B4_A9
Added Pin To Net: NetName=GND Pin=J1-S1
Added Pin To Net: NetName=GND Pin=J1-S2
Added Pin To Net: NetName=GND Pin=J1-S3
Added Pin To Net: NetName=GND Pin=J1-S4
Added Pin To Net: NetName=GND Pin=R4-2
Added Pin To Net: NetName=GND Pin=R5-2
Added Pin To Net: NetName=CC1 Pin=J1-B5
Added Pin To Net: NetName=CC1 Pin=R4-1
Added Net: Name=CC1
Added Pin To Net: NetName=CC2 Pin=J1-A5
Added Pin To Net: NetName=CC2 Pin=R5-1
Added Net: Name=CC2
Added Pin To Net: NetName=NetJ1_A6 Pin=J1-A6
Added Pin To Net: NetName=NetJ1_A6 Pin=J1-B6
Added Pin To Net: NetName=NetJ1_A6 Pin=U2-3
Added Net: Name=NetJ1_A6
Added Pin To Net: NetName=NetJ1_A7 Pin=J1-A7
Added Pin To Net: NetName=NetJ1_A7 Pin=J1-B7
Added Pin To Net: NetName=NetJ1_A7 Pin=U2-4
Added Net: Name=NetJ1_A7
Added Member To Class: ClassName=POWER-REG Member=Component R4 5.1K
Added Member To Class: ClassName=POWER-REG Member=Component R5 5.1K
Added Room: Name=Debugger-reset
Added Room: Name=ESP32-PICO-D4-MCU
Added Room: Name=POWER-REG
