Removed Pin From Net: NetName=GND Pin=S4-2
Removed Pin From Net: NetName=GND Pin=S5-2
Removed Pin From Net: NetName=GND Pin=S6-2
Removed Pin From Net: NetName=GND Pin=S7-2
Removed Pin From Net: NetName=GND Pin=S8-2
Change Component Footprint: Designator=S4 Old Footprint=Button8014X17N New Footprint=C&K_0_MFG
Change Component Footprint: Designator=S5 Old Footprint=Button8014X17N New Footprint=C&K_0_MFG
Change Component Footprint: Designator=S6 Old Footprint=Button8014X17N New Footprint=C&K_0_MFG
Change Component Footprint: Designator=S7 Old Footprint=Button8014X17N New Footprint=C&K_0_MFG
Change Component Footprint: Designator=S8 Old Footprint=Button8014X17N New Footprint=C&K_0_MFG
Change Component Comment : Designator=S4 Old Comment=Button Tactile Switch, NO 0.05 A 0.8mm New Comment=SW_TACTILE_PTS645SM43SMTR92LFS
Change Component Comment : Designator=S5 Old Comment=Button Tactile Switch, NO 0.05 A 0.8mm New Comment=SW_TACTILE_PTS645SM43SMTR92LFS
Change Component Comment : Designator=S6 Old Comment=Button Tactile Switch, NO 0.05 A 0.8mm New Comment=SW_TACTILE_PTS645SM43SMTR92LFS
Change Component Comment : Designator=S7 Old Comment=Button Tactile Switch, NO 0.05 A 0.8mm New Comment=SW_TACTILE_PTS645SM43SMTR92LFS
Change Component Comment : Designator=S8 Old Comment=Button Tactile Switch, NO 0.05 A 0.8mm New Comment=SW_TACTILE_PTS645SM43SMTR92LFS
Change component parameters: Designator = "S4" ("S4"); Footprint = "Button8014X17N"; UniqueID = "\AIZZHSTJ" ("\AIZZHSTJ")
Change component parameters: Designator = "S5" ("S5"); Footprint = "Button8014X17N"; UniqueID = "\NUNXBPQN" ("\NUNXBPQN")
Change component parameters: Designator = "S6" ("S6"); Footprint = "Button8014X17N"; UniqueID = "\JAGEPNRI" ("\JAGEPNRI")
Change component parameters: Designator = "S7" ("S7"); Footprint = "Button8014X17N"; UniqueID = "\PRSJNPGK" ("\PRSJNPGK")
Change component parameters: Designator = "S8" ("S8"); Footprint = "Button8014X17N"; UniqueID = "\KMBVTXTF" ("\KMBVTXTF")
Added Pin To Net: NetName=GND Pin=S4-4
Added Pin To Net: NetName=GND Pin=S5-4
Added Pin To Net: NetName=GND Pin=S6-4
Added Pin To Net: NetName=GND Pin=S7-4
Added Pin To Net: NetName=GND Pin=S8-4
Added Member To Class: ClassName=RESET-SWITCHES Member=Component S3 SW_TACTILE_PTS645SM43SMTR92LFS
Added Room: Name=ESP32-PICO-D4-MCU
Added Room: Name=POWER-BATTERY
Added Room: Name=RESET-SWITCHES
Added Room: Name=SERIAL-CHIP
