Removed Member From Class: ClassName=main Member=C1
Removed Member From Class: ClassName=main Member=C2
Removed Member From Class: ClassName=main Member=C3
Removed Member From Class: ClassName=main Member=J1
Removed Member From Class: ClassName=main Member=Q1
Removed Member From Class: ClassName=main Member=Q2
Removed Member From Class: ClassName=main Member=R1
Removed Member From Class: ClassName=main Member=U1
Removed Member From Class: ClassName=main Member=U2
Change Component Footprint: Designator=U2 Old Footprint=SILICON_LABS_0_IPC_A New Footprint=CP2104-F03-GM
Change Component Footprint: Designator=U1 Old Footprint=SOT-223_M New Footprint=REG LD1117S33TR
Change Component Comment : Designator=U2 Old Comment=CP2104-F03-GM New Comment=IC_CP2104-F03-GM
Change Component Comment : Designator=U1 Old Comment=LD1117S33TR New Comment=REG_LD1117S33TR_3V3
Change Component Designator: OldDesignator=RST NewDesignator=S1
Change component parameters: Designator = "U1" ("U1"); Footprint = "SOT-223_M"; UniqueID = "\OZYQSIDN" ("\OZYQSIDN")
Change Net Name : Old Net Name=3V3+ New Net Name=NetC3_2
Change Net Name : Old Net Name=D+ New Net Name=NetJ1_3
Change Net Name : Old Net Name=D- New Net Name=NetJ1_2
Change Net Name : Old Net Name=DTR New Net Name=NetQ1_1
Change Net Name : Old Net Name=GPIO0 New Net Name=NetQ2_3
Change Net Name : Old Net Name=RESET New Net Name=NetC6_2
Change Net Name : Old Net Name=RTS New Net Name=NetQ1_2
Change Net Name : Old Net Name=RXD New Net Name=NetU2_21
Change Net Name : Old Net Name=TXD New Net Name=NetU2_20
Change Net Name : Old Net Name=VBUS New Net Name=NetC1_2
Change Class Name : Old Net Name=main New Net Name=ESP32-PICO-D4-MCU
Added Class: Name=Debugger-reset
Added Class: Name=POWER-REG
Added Room: Name=Debugger-reset
Added Room: Name=ESP32-PICO-D4-MCU
Added Room: Name=POWER-REG
